<?xml version="1.0" encoding="UTF-8" standalone="no"?>
<!DOCTYPE log SYSTEM "logger.dtd">
<log>
<record>
  <date>2021-03-08T23:15:21.808-0300</date>
  <logger>CHARLES BEZERRA DE OLIVEIRA JUNIOR</logger>
  <level>FINE</level>
  <message>File 119110595-CHARLES BEZERRA DE OLIVEIRA JUNIOR.zip was received. It was sent by CHARLES BEZERRA DE OLIVEIRA JUNIOR from IP 192.168.1.12 at 08-03-2021 23*15*21</message>
</record>
</log>
<?xml version="1.0" encoding="UTF-8" standalone="no"?>
<!DOCTYPE log SYSTEM "logger.dtd">
<log>
<record>
  <date>2021-03-08T23:54:55.178-0300</date>
  <logger>CHARLES BEZERRA DE OLIVEIRA JUNIOR</logger>
  <level>FINE</level>
  <message>File 119110595-CHARLES BEZERRA DE OLIVEIRA JUNIOR.zip was received. It was sent by CHARLES BEZERRA DE OLIVEIRA JUNIOR from IP 192.168.1.12 at 08-03-2021 23*54*55</message>
</record>
</log>
<?xml version="1.0" encoding="UTF-8" standalone="no"?>
<!DOCTYPE log SYSTEM "logger.dtd">
<log>
<record>
  <date>2021-03-09T00:02:03.635-0300</date>
  <logger>CHARLES BEZERRA DE OLIVEIRA JUNIOR</logger>
  <level>FINE</level>
  <message>File 119110595-CHARLES BEZERRA DE OLIVEIRA JUNIOR.zip was received. It was sent by CHARLES BEZERRA DE OLIVEIRA JUNIOR from IP 192.168.1.12 at 09-03-2021 00*02*03</message>
</record>
</log>
<?xml version="1.0" encoding="UTF-8" standalone="no"?>
<!DOCTYPE log SYSTEM "logger.dtd">
<log>
<record>
  <date>2021-03-09T09:49:16.984-0300</date>
  <logger>CHARLES BEZERRA DE OLIVEIRA JUNIOR</logger>
  <level>FINE</level>
  <message>File 119110595-CHARLES BEZERRA DE OLIVEIRA JUNIOR.zip was received. It was sent by CHARLES BEZERRA DE OLIVEIRA JUNIOR from IP 192.168.1.12 at 09-03-2021 09*49*16</message>
</record>
</log>
<?xml version="1.0" encoding="UTF-8" standalone="no"?>
<!DOCTYPE log SYSTEM "logger.dtd">
<log>
<record>
  <date>2021-03-10T02:31:35.280-0300</date>
  <logger>CHARLES BEZERRA DE OLIVEIRA JUNIOR</logger>
  <level>FINE</level>
  <message>File 119110595-CHARLES BEZERRA DE OLIVEIRA JUNIOR.zip was received. It was sent by CHARLES BEZERRA DE OLIVEIRA JUNIOR from IP 192.168.1.12 at 10-03-2021 02*31*35</message>
</record>
