<?xml version="1.0" encoding="UTF-8" standalone="no"?>
<!DOCTYPE log SYSTEM "logger.dtd">
<log>
<record>
  <date>2022-04-07T08:32:31.833-0300</date>
  <logger>CHARLES BEZERRA DE OLIVEIRA JUNIOR</logger>
  <level>FINE</level>
  <message>File 119110595-CHARLES BEZERRA DE OLIVEIRA JUNIOR.zip was received. It was sent by CHARLES BEZERRA DE OLIVEIRA JUNIOR from IP 192.168.0.104 at 07-04-2022 08*32*31</message>
</record>
</log>
<?xml version="1.0" encoding="UTF-8" standalone="no"?>
<!DOCTYPE log SYSTEM "logger.dtd">
<log>
<record>
  <date>2022-04-07T08:45:12.732-0300</date>
  <logger>CHARLES BEZERRA DE OLIVEIRA JUNIOR</logger>
  <level>FINE</level>
  <message>File 119110595-CHARLES BEZERRA DE OLIVEIRA JUNIOR.zip was received. It was sent by CHARLES BEZERRA DE OLIVEIRA JUNIOR from IP 192.168.0.104 at 07-04-2022 08*45*12</message>
</record>
</log>
<?xml version="1.0" encoding="UTF-8" standalone="no"?>
<!DOCTYPE log SYSTEM "logger.dtd">
<log>
<record>
  <date>2022-04-07T09:11:11.285-0300</date>
  <logger>CHARLES BEZERRA DE OLIVEIRA JUNIOR</logger>
  <level>FINE</level>
  <message>File 119110595-CHARLES BEZERRA DE OLIVEIRA JUNIOR.zip was received. It was sent by CHARLES BEZERRA DE OLIVEIRA JUNIOR from IP 192.168.0.104 at 07-04-2022 09*11*10</message>
</record>
